<?xml version="1.0" encoding="UTF-8"?>
<testng-results skipped="0" failed="0" ignored="6" total="9" passed="3">
  <reporter-output>
  </reporter-output>
  <suite name="Suite" duration-ms="75" started-at="2019-11-02T20:48:13 IST" finished-at="2019-11-02T20:48:13 IST">
    <groups>
      <group name="functional">
        <method signature="ClassA.functional()[pri:0, instance:hello.ClassA@401e7803]" name="functional" class="hello.ClassA"/>
        <method signature="ClassB.functional()[pri:0, instance:hello.ClassB@10dba097]" name="functional" class="hello.ClassB"/>
        <method signature="ClassC.functional()[pri:0, instance:hello.ClassC@1786f9d5]" name="functional" class="hello.ClassC"/>
      </group> <!-- functional -->
    </groups>
    <test name="Test" duration-ms="75" started-at="2019-11-02T20:48:13 IST" finished-at="2019-11-02T20:48:13 IST">
      <class name="hello.ClassA">
        <test-method status="PASS" signature="functional()[pri:0, instance:hello.ClassA@401e7803]" name="functional" duration-ms="15" started-at="2019-11-02T20:48:13 IST" finished-at="2019-11-02T20:48:13 IST">
          <reporter-output>
          </reporter-output>
        </test-method> <!-- functional -->
      </class> <!-- hello.ClassA -->
      <class name="hello.ClassC">
        <test-method status="PASS" signature="functional()[pri:0, instance:hello.ClassC@1786f9d5]" name="functional" duration-ms="0" started-at="2019-11-02T20:48:13 IST" finished-at="2019-11-02T20:48:13 IST">
          <reporter-output>
          </reporter-output>
        </test-method> <!-- functional -->
      </class> <!-- hello.ClassC -->
      <class name="hello.ClassB">
        <test-method status="PASS" signature="functional()[pri:0, instance:hello.ClassB@10dba097]" name="functional" duration-ms="0" started-at="2019-11-02T20:48:13 IST" finished-at="2019-11-02T20:48:13 IST">
          <reporter-output>
          </reporter-output>
        </test-method> <!-- functional -->
      </class> <!-- hello.ClassB -->
    </test> <!-- Test -->
  </suite> <!-- Suite -->
</testng-results>
