<?xml version="1.0" encoding="UTF-8"?>
<!-- Generated by org.testng.reporters.JUnitXMLReporter -->
<testsuite hostname="TEJACHANDU" ignored="6" name="Test" tests="3" failures="0" timestamp="2019-11-02T20:48:13 IST" time="0.075" errors="0">
  <testcase name="functional" time="0.015" classname="hello.ClassA"/>
  <testcase name="functional" time="0.0" classname="hello.ClassB"/>
  <testcase name="functional" time="0.0" classname="hello.ClassC"/>
  <testcase name="system" time="0.0" classname="hello.ClassC">
    <ignored/>
  </testcase> <!-- system -->
  <testcase name="system" time="0.0" classname="hello.ClassA">
    <ignored/>
  </testcase> <!-- system -->
  <testcase name="system" time="0.0" classname="hello.ClassB">
    <ignored/>
  </testcase> <!-- system -->
  <testcase name="integration" time="0.0" classname="hello.ClassB">
    <ignored/>
  </testcase> <!-- integration -->
  <testcase name="integration" time="0.0" classname="hello.ClassA">
    <ignored/>
  </testcase> <!-- integration -->
  <testcase name="integration" time="0.0" classname="hello.ClassC">
    <ignored/>
  </testcase> <!-- integration -->
</testsuite> <!-- Test -->
