<?xml version="1.0" encoding="UTF-8"?>
<!-- Generated by org.testng.reporters.JUnitXMLReporter -->
<testsuite hostname="TEJACHANDU" ignored="0" name="Default test" tests="9" failures="0" timestamp="2019-11-02T20:48:05 IST" time="0.119" errors="0">
  <testcase name="functional" time="0.015" classname="hello.ClassA"/>
  <testcase name="integration" time="0.0" classname="hello.ClassA"/>
  <testcase name="system" time="0.0" classname="hello.ClassA"/>
  <testcase name="functional" time="0.0" classname="hello.ClassC"/>
  <testcase name="integration" time="0.0" classname="hello.ClassC"/>
  <testcase name="system" time="0.0" classname="hello.ClassC"/>
  <testcase name="functional" time="0.0" classname="hello.ClassB"/>
  <testcase name="integration" time="0.0" classname="hello.ClassB"/>
  <testcase name="system" time="0.0" classname="hello.ClassB"/>
</testsuite> <!-- Default test -->
